<?xml version="1.0" encoding="UTF-8"?>
<!-- Generated by org.testng.reporters.JUnitXMLReporter -->
<testsuite ignored="0" hostname="WIN-Q2521SO8E4V" failures="3" tests="5" name="Test" time="3.219" errors="0" timestamp="2024-05-22T12:42:02 IST">
  <testcase classname="com.Oneable.RestAssured.GiteaApi.StepDefintion.Getuserdetails" name="i_send_a_get_request_to_the_api" time="0.0">
    <failure type="org.testng.TestNGException" message="
Cannot inject @Test annotated Method [i_send_a_get_request_to_the_api] with [class java.lang.String].
For more information on native dependency injection please refer to https://testng.org/doc/documentation-main.html#native-dependency-injection">
      <![CDATA[org.testng.TestNGException: 
Cannot inject @Test annotated Method [i_send_a_get_request_to_the_api] with [class java.lang.String].
For more information on native dependency injection please refer to https://testng.org/doc/documentation-main.html#native-dependency-injection
at java.base/java.util.ArrayList.forEach(ArrayList.java:1511)
... Removed 26 stack frames]]>
    </failure>
  </testcase> <!-- i_send_a_get_request_to_the_api -->
  <testcase classname="com.Oneable.RestAssured.GiteaApi.StepDefintion.Getuserdetails" name="i_set_the_api_to_the_end_point" time="0.882"/>
  <testcase classname="com.Oneable.RestAssured.GiteaApi.StepDefintion.Getuserdetails" name="logintoken" time="2.245"/>
  <testcase classname="com.Oneable.RestAssured.GiteaApi.StepDefintion.Getuserdetails" name="the_response_should_be_contain_user_data" time="0.023">
    <failure type="java.lang.AssertionError">
      <![CDATA[java.lang.AssertionError
at org.junit.Assert.fail(Assert.java:87)
at org.junit.Assert.assertTrue(Assert.java:42)
at org.junit.Assert.assertTrue(Assert.java:53)
at com.Oneable.RestAssured.GiteaApi.StepDefintion.Getuserdetails.the_response_should_be_contain_user_data(Getuserdetails.java:78)
at java.base/java.util.ArrayList.forEach(ArrayList.java:1511)
... Removed 27 stack frames]]>
    </failure>
  </testcase> <!-- the_response_should_be_contain_user_data -->
  <testcase classname="com.Oneable.RestAssured.GiteaApi.StepDefintion.Getuserdetails" name="the_response_status_code_is" time="0.0">
    <failure type="org.testng.TestNGException" message="
Cannot inject @Test annotated Method [the_response_status_code_is] with [int].
For more information on native dependency injection please refer to https://testng.org/doc/documentation-main.html#native-dependency-injection">
      <![CDATA[org.testng.TestNGException: 
Cannot inject @Test annotated Method [the_response_status_code_is] with [int].
For more information on native dependency injection please refer to https://testng.org/doc/documentation-main.html#native-dependency-injection
at java.base/java.util.ArrayList.forEach(ArrayList.java:1511)
... Removed 26 stack frames]]>
    </failure>
  </testcase> <!-- the_response_status_code_is -->
</testsuite> <!-- Test -->
