<?xml version="1.0" encoding="UTF-8"?>
<testng-results skipped="0" failed="0" ignored="0" total="0" passed="0">
  <reporter-output>
  </reporter-output>
  <suite name="Surefire suite" duration-ms="23766" started-at="2024-06-05T16:10:32 IST" finished-at="2024-06-05T16:10:56 IST">
    <groups>
    </groups>
    <test name="Surefire test" duration-ms="23766" started-at="2024-06-05T16:10:32 IST" finished-at="2024-06-05T16:10:56 IST">
    </test> <!-- Surefire test -->
  </suite> <!-- Surefire suite -->
</testng-results>
